mode: set
github.com/AlekseyZapadovnikov/pr-manager/internal/domain/errors.go:21.48,23.2 1 0
github.com/AlekseyZapadovnikov/pr-manager/internal/domain/errors.go:26.42,28.2 1 0
github.com/AlekseyZapadovnikov/pr-manager/internal/domain/errors.go:31.42,33.2 1 0
github.com/AlekseyZapadovnikov/pr-manager/internal/domain/errors.go:36.45,38.2 1 0
github.com/AlekseyZapadovnikov/pr-manager/internal/domain/errors.go:41.45,43.2 1 0
github.com/AlekseyZapadovnikov/pr-manager/internal/domain/errors.go:46.46,48.2 1 0
github.com/AlekseyZapadovnikov/pr-manager/internal/domain/errors.go:51.48,53.2 1 0
github.com/AlekseyZapadovnikov/pr-manager/internal/domain/errors.go:56.44,58.2 1 0
github.com/AlekseyZapadovnikov/pr-manager/cmd/main.go:18.13,21.19 2 0
github.com/AlekseyZapadovnikov/pr-manager/cmd/main.go:21.19,23.3 1 0
github.com/AlekseyZapadovnikov/pr-manager/cmd/main.go:26.2,34.16 7 0
github.com/AlekseyZapadovnikov/pr-manager/cmd/main.go:34.16,37.3 2 0
github.com/AlekseyZapadovnikov/pr-manager/cmd/main.go:38.2,54.12 9 0
github.com/AlekseyZapadovnikov/pr-manager/cmd/main.go:54.12,55.80 1 0
github.com/AlekseyZapadovnikov/pr-manager/cmd/main.go:55.80,58.4 2 0
github.com/AlekseyZapadovnikov/pr-manager/cmd/main.go:61.2,70.45 6 0
github.com/AlekseyZapadovnikov/pr-manager/cmd/main.go:70.45,73.3 2 0
github.com/AlekseyZapadovnikov/pr-manager/cmd/main.go:75.2,75.37 1 0
github.com/AlekseyZapadovnikov/pr-manager/conf/config.go:29.44,31.2 1 0
github.com/AlekseyZapadovnikov/pr-manager/conf/config.go:42.36,44.16 2 0
github.com/AlekseyZapadovnikov/pr-manager/conf/config.go:44.16,45.54 1 0
github.com/AlekseyZapadovnikov/pr-manager/conf/config.go:48.2,49.51 2 0
github.com/AlekseyZapadovnikov/pr-manager/conf/config.go:49.51,50.55 1 0
github.com/AlekseyZapadovnikov/pr-manager/conf/config.go:53.2,55.52 2 0
github.com/AlekseyZapadovnikov/pr-manager/conf/config.go:55.52,56.42 1 0
github.com/AlekseyZapadovnikov/pr-manager/conf/config.go:59.2,59.13 1 0
github.com/AlekseyZapadovnikov/pr-manager/conf/config.go:63.37,64.47 1 0
github.com/AlekseyZapadovnikov/pr-manager/conf/config.go:64.47,65.39 1 0
github.com/AlekseyZapadovnikov/pr-manager/conf/config.go:65.39,67.4 1 0
github.com/AlekseyZapadovnikov/pr-manager/conf/config.go:70.2,78.39 8 0
github.com/AlekseyZapadovnikov/pr-manager/conf/config.go:82.47,84.81 2 0
github.com/AlekseyZapadovnikov/pr-manager/conf/config.go:84.81,86.3 1 0
github.com/AlekseyZapadovnikov/pr-manager/conf/config.go:86.17,87.67 1 0
github.com/AlekseyZapadovnikov/pr-manager/conf/config.go:89.2,89.10 1 0
github.com/AlekseyZapadovnikov/pr-manager/internal/models/team.go:26.52,32.2 1 0
github.com/AlekseyZapadovnikov/pr-manager/internal/models/user.go:27.59,34.2 1 0
github.com/AlekseyZapadovnikov/pr-manager/internal/repository/pr_repo.go:16.92,17.15 1 1
github.com/AlekseyZapadovnikov/pr-manager/internal/repository/pr_repo.go:17.15,19.3 1 1
github.com/AlekseyZapadovnikov/pr-manager/internal/repository/pr_repo.go:22.2,22.35 1 1
github.com/AlekseyZapadovnikov/pr-manager/internal/repository/pr_repo.go:22.35,24.3 1 1
github.com/AlekseyZapadovnikov/pr-manager/internal/repository/pr_repo.go:26.2,27.16 2 1
github.com/AlekseyZapadovnikov/pr-manager/internal/repository/pr_repo.go:27.16,29.3 1 1
github.com/AlekseyZapadovnikov/pr-manager/internal/repository/pr_repo.go:31.2,32.15 2 1
github.com/AlekseyZapadovnikov/pr-manager/internal/repository/pr_repo.go:32.15,33.17 1 1
github.com/AlekseyZapadovnikov/pr-manager/internal/repository/pr_repo.go:33.17,34.59 1 1
github.com/AlekseyZapadovnikov/pr-manager/internal/repository/pr_repo.go:34.59,36.5 1 0
github.com/AlekseyZapadovnikov/pr-manager/internal/repository/pr_repo.go:40.2,61.16 3 1
github.com/AlekseyZapadovnikov/pr-manager/internal/repository/pr_repo.go:61.16,63.3 1 1
github.com/AlekseyZapadovnikov/pr-manager/internal/repository/pr_repo.go:66.2,67.75 2 1
github.com/AlekseyZapadovnikov/pr-manager/internal/repository/pr_repo.go:67.75,69.3 1 1
github.com/AlekseyZapadovnikov/pr-manager/internal/repository/pr_repo.go:71.2,74.41 3 1
github.com/AlekseyZapadovnikov/pr-manager/internal/repository/pr_repo.go:74.41,75.14 1 1
github.com/AlekseyZapadovnikov/pr-manager/internal/repository/pr_repo.go:75.14,76.12 1 0
github.com/AlekseyZapadovnikov/pr-manager/internal/repository/pr_repo.go:78.3,78.27 1 1
github.com/AlekseyZapadovnikov/pr-manager/internal/repository/pr_repo.go:78.27,79.12 1 1
github.com/AlekseyZapadovnikov/pr-manager/internal/repository/pr_repo.go:81.3,82.78 2 1
github.com/AlekseyZapadovnikov/pr-manager/internal/repository/pr_repo.go:82.78,84.4 1 1
github.com/AlekseyZapadovnikov/pr-manager/internal/repository/pr_repo.go:87.2,87.39 1 1
github.com/AlekseyZapadovnikov/pr-manager/internal/repository/pr_repo.go:87.39,89.3 1 1
github.com/AlekseyZapadovnikov/pr-manager/internal/repository/pr_repo.go:90.2,91.12 2 1
github.com/AlekseyZapadovnikov/pr-manager/internal/repository/pr_repo.go:95.97,103.16 3 1
github.com/AlekseyZapadovnikov/pr-manager/internal/repository/pr_repo.go:103.16,105.3 1 1
github.com/AlekseyZapadovnikov/pr-manager/internal/repository/pr_repo.go:106.2,108.18 2 1
github.com/AlekseyZapadovnikov/pr-manager/internal/repository/pr_repo.go:108.18,111.3 1 1
github.com/AlekseyZapadovnikov/pr-manager/internal/repository/pr_repo.go:113.2,121.83 2 1
github.com/AlekseyZapadovnikov/pr-manager/internal/repository/pr_repo.go:121.83,123.3 1 1
github.com/AlekseyZapadovnikov/pr-manager/internal/repository/pr_repo.go:126.2,128.16 3 1
github.com/AlekseyZapadovnikov/pr-manager/internal/repository/pr_repo.go:128.16,130.3 1 1
github.com/AlekseyZapadovnikov/pr-manager/internal/repository/pr_repo.go:131.2,134.19 3 1
github.com/AlekseyZapadovnikov/pr-manager/internal/repository/pr_repo.go:134.19,136.42 2 1
github.com/AlekseyZapadovnikov/pr-manager/internal/repository/pr_repo.go:136.42,138.4 1 1
github.com/AlekseyZapadovnikov/pr-manager/internal/repository/pr_repo.go:139.3,139.37 1 1
github.com/AlekseyZapadovnikov/pr-manager/internal/repository/pr_repo.go:142.2,151.16 2 1
github.com/AlekseyZapadovnikov/pr-manager/internal/repository/pr_repo.go:155.117,173.16 3 1
github.com/AlekseyZapadovnikov/pr-manager/internal/repository/pr_repo.go:173.16,175.3 1 1
github.com/AlekseyZapadovnikov/pr-manager/internal/repository/pr_repo.go:176.2,179.18 3 1
github.com/AlekseyZapadovnikov/pr-manager/internal/repository/pr_repo.go:179.18,190.96 2 1
github.com/AlekseyZapadovnikov/pr-manager/internal/repository/pr_repo.go:190.96,192.4 1 1
github.com/AlekseyZapadovnikov/pr-manager/internal/repository/pr_repo.go:194.3,203.30 2 1
github.com/AlekseyZapadovnikov/pr-manager/internal/repository/pr_repo.go:207.2,207.35 1 1
github.com/AlekseyZapadovnikov/pr-manager/internal/repository/pr_repo.go:207.35,209.3 1 1
github.com/AlekseyZapadovnikov/pr-manager/internal/repository/pr_repo.go:211.2,211.20 1 1
github.com/AlekseyZapadovnikov/pr-manager/internal/repository/pr_repo.go:215.92,228.16 3 1
github.com/AlekseyZapadovnikov/pr-manager/internal/repository/pr_repo.go:228.16,230.3 1 1
github.com/AlekseyZapadovnikov/pr-manager/internal/repository/pr_repo.go:231.2,234.22 3 1
github.com/AlekseyZapadovnikov/pr-manager/internal/repository/pr_repo.go:234.22,240.81 2 1
github.com/AlekseyZapadovnikov/pr-manager/internal/repository/pr_repo.go:240.81,242.4 1 1
github.com/AlekseyZapadovnikov/pr-manager/internal/repository/pr_repo.go:243.3,247.5 1 1
github.com/AlekseyZapadovnikov/pr-manager/internal/repository/pr_repo.go:249.2,249.38 1 1
github.com/AlekseyZapadovnikov/pr-manager/internal/repository/pr_repo.go:249.38,251.3 1 0
github.com/AlekseyZapadovnikov/pr-manager/internal/repository/pr_repo.go:253.2,265.16 3 1
github.com/AlekseyZapadovnikov/pr-manager/internal/repository/pr_repo.go:265.16,267.3 1 1
github.com/AlekseyZapadovnikov/pr-manager/internal/repository/pr_repo.go:268.2,270.20 2 1
github.com/AlekseyZapadovnikov/pr-manager/internal/repository/pr_repo.go:270.20,276.69 2 1
github.com/AlekseyZapadovnikov/pr-manager/internal/repository/pr_repo.go:276.69,278.4 1 0
github.com/AlekseyZapadovnikov/pr-manager/internal/repository/pr_repo.go:279.3,283.5 1 1
github.com/AlekseyZapadovnikov/pr-manager/internal/repository/pr_repo.go:285.2,285.37 1 1
github.com/AlekseyZapadovnikov/pr-manager/internal/repository/pr_repo.go:285.37,287.3 1 0
github.com/AlekseyZapadovnikov/pr-manager/internal/repository/pr_repo.go:289.2,289.19 1 1
github.com/AlekseyZapadovnikov/pr-manager/internal/repository/pr_repo.go:293.125,294.27 1 1
github.com/AlekseyZapadovnikov/pr-manager/internal/repository/pr_repo.go:294.27,296.3 1 1
github.com/AlekseyZapadovnikov/pr-manager/internal/repository/pr_repo.go:298.2,299.33 2 1
github.com/AlekseyZapadovnikov/pr-manager/internal/repository/pr_repo.go:299.33,300.15 1 1
github.com/AlekseyZapadovnikov/pr-manager/internal/repository/pr_repo.go:300.15,301.12 1 0
github.com/AlekseyZapadovnikov/pr-manager/internal/repository/pr_repo.go:303.3,303.26 1 1
github.com/AlekseyZapadovnikov/pr-manager/internal/repository/pr_repo.go:305.2,305.22 1 1
github.com/AlekseyZapadovnikov/pr-manager/internal/repository/pr_repo.go:305.22,307.3 1 0
github.com/AlekseyZapadovnikov/pr-manager/internal/repository/pr_repo.go:309.2,310.25 2 1
github.com/AlekseyZapadovnikov/pr-manager/internal/repository/pr_repo.go:310.25,312.3 1 1
github.com/AlekseyZapadovnikov/pr-manager/internal/repository/pr_repo.go:314.2,337.16 3 1
github.com/AlekseyZapadovnikov/pr-manager/internal/repository/pr_repo.go:337.16,339.3 1 1
github.com/AlekseyZapadovnikov/pr-manager/internal/repository/pr_repo.go:340.2,343.18 3 1
github.com/AlekseyZapadovnikov/pr-manager/internal/repository/pr_repo.go:343.18,353.96 2 1
github.com/AlekseyZapadovnikov/pr-manager/internal/repository/pr_repo.go:353.96,355.4 1 0
github.com/AlekseyZapadovnikov/pr-manager/internal/repository/pr_repo.go:357.3,366.24 2 1
github.com/AlekseyZapadovnikov/pr-manager/internal/repository/pr_repo.go:369.2,369.35 1 1
github.com/AlekseyZapadovnikov/pr-manager/internal/repository/pr_repo.go:369.35,371.3 1 0
github.com/AlekseyZapadovnikov/pr-manager/internal/repository/pr_repo.go:373.2,373.17 1 1
github.com/AlekseyZapadovnikov/pr-manager/internal/repository/pr_repo.go:377.136,378.52 1 1
github.com/AlekseyZapadovnikov/pr-manager/internal/repository/pr_repo.go:378.52,380.3 1 1
github.com/AlekseyZapadovnikov/pr-manager/internal/repository/pr_repo.go:382.2,383.16 2 1
github.com/AlekseyZapadovnikov/pr-manager/internal/repository/pr_repo.go:383.16,385.3 1 0
github.com/AlekseyZapadovnikov/pr-manager/internal/repository/pr_repo.go:387.2,388.15 2 1
github.com/AlekseyZapadovnikov/pr-manager/internal/repository/pr_repo.go:388.15,389.17 1 1
github.com/AlekseyZapadovnikov/pr-manager/internal/repository/pr_repo.go:389.17,390.59 1 1
github.com/AlekseyZapadovnikov/pr-manager/internal/repository/pr_repo.go:390.59,392.5 1 0
github.com/AlekseyZapadovnikov/pr-manager/internal/repository/pr_repo.go:396.2,396.20 1 1
github.com/AlekseyZapadovnikov/pr-manager/internal/repository/pr_repo.go:396.20,397.64 1 1
github.com/AlekseyZapadovnikov/pr-manager/internal/repository/pr_repo.go:397.64,399.4 1 1
github.com/AlekseyZapadovnikov/pr-manager/internal/repository/pr_repo.go:402.2,402.32 1 1
github.com/AlekseyZapadovnikov/pr-manager/internal/repository/pr_repo.go:402.32,403.73 1 1
github.com/AlekseyZapadovnikov/pr-manager/internal/repository/pr_repo.go:403.73,405.4 1 1
github.com/AlekseyZapadovnikov/pr-manager/internal/repository/pr_repo.go:408.2,408.39 1 1
github.com/AlekseyZapadovnikov/pr-manager/internal/repository/pr_repo.go:408.39,410.3 1 0
github.com/AlekseyZapadovnikov/pr-manager/internal/repository/pr_repo.go:411.2,412.12 2 1
github.com/AlekseyZapadovnikov/pr-manager/internal/repository/pr_repo.go:416.107,422.29 2 1
github.com/AlekseyZapadovnikov/pr-manager/internal/repository/pr_repo.go:422.29,423.79 1 1
github.com/AlekseyZapadovnikov/pr-manager/internal/repository/pr_repo.go:423.79,425.4 1 0
github.com/AlekseyZapadovnikov/pr-manager/internal/repository/pr_repo.go:426.3,426.88 1 1
github.com/AlekseyZapadovnikov/pr-manager/internal/repository/pr_repo.go:426.88,428.4 1 1
github.com/AlekseyZapadovnikov/pr-manager/internal/repository/pr_repo.go:429.3,429.88 1 1
github.com/AlekseyZapadovnikov/pr-manager/internal/repository/pr_repo.go:429.88,431.4 1 0
github.com/AlekseyZapadovnikov/pr-manager/internal/repository/pr_repo.go:433.2,433.12 1 1
github.com/AlekseyZapadovnikov/pr-manager/internal/repository/pr_repo.go:437.91,439.27 2 1
github.com/AlekseyZapadovnikov/pr-manager/internal/repository/pr_repo.go:439.27,440.15 1 1
github.com/AlekseyZapadovnikov/pr-manager/internal/repository/pr_repo.go:440.15,441.12 1 0
github.com/AlekseyZapadovnikov/pr-manager/internal/repository/pr_repo.go:443.3,443.24 1 1
github.com/AlekseyZapadovnikov/pr-manager/internal/repository/pr_repo.go:445.2,445.20 1 1
github.com/AlekseyZapadovnikov/pr-manager/internal/repository/pr_repo.go:445.20,447.3 1 0
github.com/AlekseyZapadovnikov/pr-manager/internal/repository/pr_repo.go:448.2,449.23 2 1
github.com/AlekseyZapadovnikov/pr-manager/internal/repository/pr_repo.go:449.23,451.3 1 1
github.com/AlekseyZapadovnikov/pr-manager/internal/repository/pr_repo.go:452.2,453.56 2 1
github.com/AlekseyZapadovnikov/pr-manager/internal/repository/pr_repo.go:453.56,455.3 1 1
github.com/AlekseyZapadovnikov/pr-manager/internal/repository/pr_repo.go:456.2,456.12 1 1
github.com/AlekseyZapadovnikov/pr-manager/internal/repository/storage.go:28.74,39.16 3 0
github.com/AlekseyZapadovnikov/pr-manager/internal/repository/storage.go:39.16,41.3 1 0
github.com/AlekseyZapadovnikov/pr-manager/internal/repository/storage.go:44.2,44.39 1 0
github.com/AlekseyZapadovnikov/pr-manager/internal/repository/storage.go:44.39,47.3 2 0
github.com/AlekseyZapadovnikov/pr-manager/internal/repository/storage.go:49.2,49.34 1 0
github.com/AlekseyZapadovnikov/pr-manager/internal/repository/storage.go:53.27,54.19 1 1
github.com/AlekseyZapadovnikov/pr-manager/internal/repository/storage.go:54.19,56.3 1 0
github.com/AlekseyZapadovnikov/pr-manager/internal/repository/user_team_repo.go:13.74,14.17 1 1
github.com/AlekseyZapadovnikov/pr-manager/internal/repository/user_team_repo.go:14.17,16.3 1 1
github.com/AlekseyZapadovnikov/pr-manager/internal/repository/user_team_repo.go:18.2,28.16 3 1
github.com/AlekseyZapadovnikov/pr-manager/internal/repository/user_team_repo.go:28.16,30.3 1 1
github.com/AlekseyZapadovnikov/pr-manager/internal/repository/user_team_repo.go:31.2,31.12 1 1
github.com/AlekseyZapadovnikov/pr-manager/internal/repository/user_team_repo.go:35.85,42.16 3 1
github.com/AlekseyZapadovnikov/pr-manager/internal/repository/user_team_repo.go:42.16,44.3 1 1
github.com/AlekseyZapadovnikov/pr-manager/internal/repository/user_team_repo.go:45.2,47.18 2 1
github.com/AlekseyZapadovnikov/pr-manager/internal/repository/user_team_repo.go:47.18,49.3 1 1
github.com/AlekseyZapadovnikov/pr-manager/internal/repository/user_team_repo.go:51.2,57.72 2 1
github.com/AlekseyZapadovnikov/pr-manager/internal/repository/user_team_repo.go:57.72,59.3 1 1
github.com/AlekseyZapadovnikov/pr-manager/internal/repository/user_team_repo.go:61.2,62.21 2 1
github.com/AlekseyZapadovnikov/pr-manager/internal/repository/user_team_repo.go:62.21,64.3 1 0
github.com/AlekseyZapadovnikov/pr-manager/internal/repository/user_team_repo.go:66.2,72.15 2 1
github.com/AlekseyZapadovnikov/pr-manager/internal/repository/user_team_repo.go:76.97,84.16 3 1
github.com/AlekseyZapadovnikov/pr-manager/internal/repository/user_team_repo.go:84.16,86.3 1 1
github.com/AlekseyZapadovnikov/pr-manager/internal/repository/user_team_repo.go:87.2,90.18 3 1
github.com/AlekseyZapadovnikov/pr-manager/internal/repository/user_team_repo.go:90.18,97.73 2 1
github.com/AlekseyZapadovnikov/pr-manager/internal/repository/user_team_repo.go:97.73,99.4 1 1
github.com/AlekseyZapadovnikov/pr-manager/internal/repository/user_team_repo.go:100.3,101.22 2 1
github.com/AlekseyZapadovnikov/pr-manager/internal/repository/user_team_repo.go:101.22,103.4 1 1
github.com/AlekseyZapadovnikov/pr-manager/internal/repository/user_team_repo.go:104.3,110.29 2 1
github.com/AlekseyZapadovnikov/pr-manager/internal/repository/user_team_repo.go:113.2,113.35 1 1
github.com/AlekseyZapadovnikov/pr-manager/internal/repository/user_team_repo.go:113.35,115.3 1 1
github.com/AlekseyZapadovnikov/pr-manager/internal/repository/user_team_repo.go:117.2,117.20 1 1
github.com/AlekseyZapadovnikov/pr-manager/internal/repository/user_team_repo.go:121.74,122.17 1 1
github.com/AlekseyZapadovnikov/pr-manager/internal/repository/user_team_repo.go:122.17,124.3 1 1
github.com/AlekseyZapadovnikov/pr-manager/internal/repository/user_team_repo.go:125.2,131.16 3 1
github.com/AlekseyZapadovnikov/pr-manager/internal/repository/user_team_repo.go:131.16,133.3 1 1
github.com/AlekseyZapadovnikov/pr-manager/internal/repository/user_team_repo.go:134.2,134.29 1 1
github.com/AlekseyZapadovnikov/pr-manager/internal/repository/user_team_repo.go:134.29,136.3 1 1
github.com/AlekseyZapadovnikov/pr-manager/internal/repository/user_team_repo.go:137.2,137.12 1 1
github.com/AlekseyZapadovnikov/pr-manager/internal/repository/user_team_repo.go:141.114,142.17 1 1
github.com/AlekseyZapadovnikov/pr-manager/internal/repository/user_team_repo.go:142.17,144.3 1 1
github.com/AlekseyZapadovnikov/pr-manager/internal/repository/user_team_repo.go:146.2,147.16 2 1
github.com/AlekseyZapadovnikov/pr-manager/internal/repository/user_team_repo.go:147.16,149.3 1 1
github.com/AlekseyZapadovnikov/pr-manager/internal/repository/user_team_repo.go:151.2,152.15 2 1
github.com/AlekseyZapadovnikov/pr-manager/internal/repository/user_team_repo.go:152.15,153.17 1 1
github.com/AlekseyZapadovnikov/pr-manager/internal/repository/user_team_repo.go:153.17,154.59 1 1
github.com/AlekseyZapadovnikov/pr-manager/internal/repository/user_team_repo.go:154.59,156.5 1 0
github.com/AlekseyZapadovnikov/pr-manager/internal/repository/user_team_repo.go:160.2,166.16 3 1
github.com/AlekseyZapadovnikov/pr-manager/internal/repository/user_team_repo.go:166.16,168.3 1 1
github.com/AlekseyZapadovnikov/pr-manager/internal/repository/user_team_repo.go:169.2,169.29 1 1
github.com/AlekseyZapadovnikov/pr-manager/internal/repository/user_team_repo.go:169.29,171.3 1 1
github.com/AlekseyZapadovnikov/pr-manager/internal/repository/user_team_repo.go:173.2,181.29 2 1
github.com/AlekseyZapadovnikov/pr-manager/internal/repository/user_team_repo.go:181.29,183.127 2 1
github.com/AlekseyZapadovnikov/pr-manager/internal/repository/user_team_repo.go:183.127,185.4 1 1
github.com/AlekseyZapadovnikov/pr-manager/internal/repository/user_team_repo.go:188.2,188.39 1 1
github.com/AlekseyZapadovnikov/pr-manager/internal/repository/user_team_repo.go:188.39,190.3 1 1
github.com/AlekseyZapadovnikov/pr-manager/internal/repository/user_team_repo.go:191.2,192.12 2 1
github.com/AlekseyZapadovnikov/pr-manager/internal/repository/user_team_repo.go:196.85,200.16 3 1
github.com/AlekseyZapadovnikov/pr-manager/internal/repository/user_team_repo.go:200.16,202.3 1 1
github.com/AlekseyZapadovnikov/pr-manager/internal/repository/user_team_repo.go:203.2,205.18 2 1
github.com/AlekseyZapadovnikov/pr-manager/internal/repository/user_team_repo.go:205.18,207.3 1 1
github.com/AlekseyZapadovnikov/pr-manager/internal/repository/user_team_repo.go:208.2,209.39 2 1
github.com/AlekseyZapadovnikov/pr-manager/internal/repository/user_team_repo.go:209.39,211.3 1 1
github.com/AlekseyZapadovnikov/pr-manager/internal/repository/user_team_repo.go:214.2,215.16 2 1
github.com/AlekseyZapadovnikov/pr-manager/internal/repository/user_team_repo.go:215.16,217.3 1 1
github.com/AlekseyZapadovnikov/pr-manager/internal/repository/user_team_repo.go:220.2,221.26 2 1
github.com/AlekseyZapadovnikov/pr-manager/internal/repository/user_team_repo.go:221.26,223.3 1 1
github.com/AlekseyZapadovnikov/pr-manager/internal/repository/user_team_repo.go:225.2,229.18 2 1
github.com/AlekseyZapadovnikov/pr-manager/internal/repository/user_team_repo.go:233.64,239.2 1 1
github.com/AlekseyZapadovnikov/pr-manager/tests/load/main.go:113.87,117.16 4 0
github.com/AlekseyZapadovnikov/pr-manager/tests/load/main.go:117.16,119.25 2 0
github.com/AlekseyZapadovnikov/pr-manager/tests/load/main.go:119.25,121.4 1 0
github.com/AlekseyZapadovnikov/pr-manager/tests/load/main.go:122.3,122.9 1 0
github.com/AlekseyZapadovnikov/pr-manager/tests/load/main.go:124.2,126.23 3 0
github.com/AlekseyZapadovnikov/pr-manager/tests/load/main.go:126.23,128.3 1 0
github.com/AlekseyZapadovnikov/pr-manager/tests/load/main.go:131.104,145.17 2 0
github.com/AlekseyZapadovnikov/pr-manager/tests/load/main.go:145.17,147.3 1 0
github.com/AlekseyZapadovnikov/pr-manager/tests/load/main.go:148.2,150.16 3 0
github.com/AlekseyZapadovnikov/pr-manager/tests/load/main.go:153.55,154.20 1 0
github.com/AlekseyZapadovnikov/pr-manager/tests/load/main.go:154.20,156.3 1 0
github.com/AlekseyZapadovnikov/pr-manager/tests/load/main.go:157.2,158.42 2 0
github.com/AlekseyZapadovnikov/pr-manager/tests/load/main.go:158.42,160.3 1 0
github.com/AlekseyZapadovnikov/pr-manager/tests/load/main.go:162.2,163.28 2 0
github.com/AlekseyZapadovnikov/pr-manager/tests/load/main.go:163.28,165.3 1 0
github.com/AlekseyZapadovnikov/pr-manager/tests/load/main.go:166.2,174.3 4 0
github.com/AlekseyZapadovnikov/pr-manager/tests/load/main.go:177.13,179.33 2 0
github.com/AlekseyZapadovnikov/pr-manager/tests/load/main.go:179.33,181.3 1 0
github.com/AlekseyZapadovnikov/pr-manager/tests/load/main.go:184.29,209.46 22 0
github.com/AlekseyZapadovnikov/pr-manager/tests/load/main.go:209.46,211.3 1 0
github.com/AlekseyZapadovnikov/pr-manager/tests/load/main.go:212.2,212.22 1 0
github.com/AlekseyZapadovnikov/pr-manager/tests/load/main.go:212.22,214.3 1 0
github.com/AlekseyZapadovnikov/pr-manager/tests/load/main.go:215.2,215.71 1 0
github.com/AlekseyZapadovnikov/pr-manager/tests/load/main.go:215.71,217.3 1 0
github.com/AlekseyZapadovnikov/pr-manager/tests/load/main.go:218.2,218.62 1 0
github.com/AlekseyZapadovnikov/pr-manager/tests/load/main.go:218.62,220.3 1 0
github.com/AlekseyZapadovnikov/pr-manager/tests/load/main.go:221.2,221.27 1 0
github.com/AlekseyZapadovnikov/pr-manager/tests/load/main.go:221.27,223.3 1 0
github.com/AlekseyZapadovnikov/pr-manager/tests/load/main.go:224.2,224.18 1 0
github.com/AlekseyZapadovnikov/pr-manager/tests/load/main.go:224.18,226.3 1 0
github.com/AlekseyZapadovnikov/pr-manager/tests/load/main.go:227.2,227.12 1 0
github.com/AlekseyZapadovnikov/pr-manager/tests/load/main.go:230.31,236.84 4 0
github.com/AlekseyZapadovnikov/pr-manager/tests/load/main.go:236.84,238.3 1 0
github.com/AlekseyZapadovnikov/pr-manager/tests/load/main.go:239.2,242.16 3 0
github.com/AlekseyZapadovnikov/pr-manager/tests/load/main.go:242.16,244.3 1 0
github.com/AlekseyZapadovnikov/pr-manager/tests/load/main.go:245.2,256.16 4 0
github.com/AlekseyZapadovnikov/pr-manager/tests/load/main.go:256.16,258.3 1 0
github.com/AlekseyZapadovnikov/pr-manager/tests/load/main.go:259.2,260.20 2 0
github.com/AlekseyZapadovnikov/pr-manager/tests/load/main.go:260.20,261.65 1 0
github.com/AlekseyZapadovnikov/pr-manager/tests/load/main.go:261.65,263.4 1 0
github.com/AlekseyZapadovnikov/pr-manager/tests/load/main.go:263.9,265.4 1 0
github.com/AlekseyZapadovnikov/pr-manager/tests/load/main.go:267.2,270.23 3 0
github.com/AlekseyZapadovnikov/pr-manager/tests/load/main.go:270.23,272.3 1 0
github.com/AlekseyZapadovnikov/pr-manager/tests/load/main.go:274.2,276.79 3 0
github.com/AlekseyZapadovnikov/pr-manager/tests/load/main.go:276.79,278.3 1 0
github.com/AlekseyZapadovnikov/pr-manager/tests/load/main.go:279.2,283.61 4 0
github.com/AlekseyZapadovnikov/pr-manager/tests/load/main.go:283.61,285.3 1 0
github.com/AlekseyZapadovnikov/pr-manager/tests/load/main.go:286.2,286.12 1 0
github.com/AlekseyZapadovnikov/pr-manager/tests/load/main.go:289.44,300.2 5 0
github.com/AlekseyZapadovnikov/pr-manager/tests/load/main.go:302.108,304.6 2 0
github.com/AlekseyZapadovnikov/pr-manager/tests/load/main.go:304.6,305.33 1 0
github.com/AlekseyZapadovnikov/pr-manager/tests/load/main.go:305.33,307.4 1 0
github.com/AlekseyZapadovnikov/pr-manager/tests/load/main.go:308.3,309.17 2 0
github.com/AlekseyZapadovnikov/pr-manager/tests/load/main.go:309.17,311.4 1 0
github.com/AlekseyZapadovnikov/pr-manager/tests/load/main.go:312.3,313.53 2 0
github.com/AlekseyZapadovnikov/pr-manager/tests/load/main.go:313.53,316.4 2 0
github.com/AlekseyZapadovnikov/pr-manager/tests/load/main.go:317.3,317.18 1 0
github.com/AlekseyZapadovnikov/pr-manager/tests/load/main.go:317.18,319.4 1 0
github.com/AlekseyZapadovnikov/pr-manager/tests/load/main.go:320.3,320.30 1 0
github.com/AlekseyZapadovnikov/pr-manager/tests/load/main.go:324.120,327.37 3 0
github.com/AlekseyZapadovnikov/pr-manager/tests/load/main.go:327.37,334.101 4 0
github.com/AlekseyZapadovnikov/pr-manager/tests/load/main.go:334.101,336.4 1 0
github.com/AlekseyZapadovnikov/pr-manager/tests/load/main.go:337.3,338.17 2 0
github.com/AlekseyZapadovnikov/pr-manager/tests/load/main.go:338.17,340.4 1 0
github.com/AlekseyZapadovnikov/pr-manager/tests/load/main.go:341.3,346.5 1 0
github.com/AlekseyZapadovnikov/pr-manager/tests/load/main.go:348.2,348.19 1 0
github.com/AlekseyZapadovnikov/pr-manager/tests/load/main.go:351.112,355.36 4 0
github.com/AlekseyZapadovnikov/pr-manager/tests/load/main.go:355.36,363.25 4 0
github.com/AlekseyZapadovnikov/pr-manager/tests/load/main.go:363.25,365.4 1 0
github.com/AlekseyZapadovnikov/pr-manager/tests/load/main.go:365.9,367.4 1 0
github.com/AlekseyZapadovnikov/pr-manager/tests/load/main.go:369.2,369.37 1 0
github.com/AlekseyZapadovnikov/pr-manager/tests/load/main.go:372.153,373.28 1 0
github.com/AlekseyZapadovnikov/pr-manager/tests/load/main.go:373.28,375.3 1 0
github.com/AlekseyZapadovnikov/pr-manager/tests/load/main.go:376.2,377.16 2 0
github.com/AlekseyZapadovnikov/pr-manager/tests/load/main.go:377.16,379.3 1 0
github.com/AlekseyZapadovnikov/pr-manager/tests/load/main.go:380.2,384.35 4 0
github.com/AlekseyZapadovnikov/pr-manager/tests/load/main.go:384.35,385.37 1 0
github.com/AlekseyZapadovnikov/pr-manager/tests/load/main.go:385.37,394.50 6 0
github.com/AlekseyZapadovnikov/pr-manager/tests/load/main.go:394.50,396.5 1 0
github.com/AlekseyZapadovnikov/pr-manager/tests/load/main.go:397.4,399.39 3 0
github.com/AlekseyZapadovnikov/pr-manager/tests/load/main.go:399.39,403.36 1 0
github.com/AlekseyZapadovnikov/pr-manager/tests/load/main.go:403.36,405.6 1 0
github.com/AlekseyZapadovnikov/pr-manager/tests/load/main.go:407.4,410.6 1 0
github.com/AlekseyZapadovnikov/pr-manager/tests/load/main.go:414.2,414.39 1 0
github.com/AlekseyZapadovnikov/pr-manager/tests/load/main.go:414.39,416.3 1 0
github.com/AlekseyZapadovnikov/pr-manager/tests/load/main.go:417.2,417.23 1 0
github.com/AlekseyZapadovnikov/pr-manager/tests/load/main.go:420.70,422.29 2 0
github.com/AlekseyZapadovnikov/pr-manager/tests/load/main.go:422.29,423.36 1 0
github.com/AlekseyZapadovnikov/pr-manager/tests/load/main.go:423.36,424.12 1 0
github.com/AlekseyZapadovnikov/pr-manager/tests/load/main.go:426.3,426.53 1 0
github.com/AlekseyZapadovnikov/pr-manager/tests/load/main.go:426.53,432.4 2 0
github.com/AlekseyZapadovnikov/pr-manager/tests/load/main.go:434.2,434.16 1 0
github.com/AlekseyZapadovnikov/pr-manager/tests/load/main.go:437.149,443.24 5 0
github.com/AlekseyZapadovnikov/pr-manager/tests/load/main.go:443.24,445.3 1 0
github.com/AlekseyZapadovnikov/pr-manager/tests/load/main.go:447.2,448.37 2 0
github.com/AlekseyZapadovnikov/pr-manager/tests/load/main.go:448.37,452.26 4 0
github.com/AlekseyZapadovnikov/pr-manager/tests/load/main.go:452.26,456.4 3 0
github.com/AlekseyZapadovnikov/pr-manager/tests/load/main.go:458.2,459.12 2 0
github.com/AlekseyZapadovnikov/pr-manager/tests/load/main.go:462.146,466.63 3 0
github.com/AlekseyZapadovnikov/pr-manager/tests/load/main.go:466.63,468.3 1 0
github.com/AlekseyZapadovnikov/pr-manager/tests/load/main.go:470.2,475.16 3 0
github.com/AlekseyZapadovnikov/pr-manager/tests/load/main.go:475.16,477.3 1 0
github.com/AlekseyZapadovnikov/pr-manager/tests/load/main.go:479.2,480.16 2 0
github.com/AlekseyZapadovnikov/pr-manager/tests/load/main.go:480.16,482.3 1 0
github.com/AlekseyZapadovnikov/pr-manager/tests/load/main.go:483.2,487.16 4 0
github.com/AlekseyZapadovnikov/pr-manager/tests/load/main.go:487.16,489.3 1 0
github.com/AlekseyZapadovnikov/pr-manager/tests/load/main.go:490.2,492.16 3 0
github.com/AlekseyZapadovnikov/pr-manager/tests/load/main.go:492.16,494.3 1 0
github.com/AlekseyZapadovnikov/pr-manager/tests/load/main.go:495.2,495.28 1 0
github.com/AlekseyZapadovnikov/pr-manager/tests/load/main.go:495.28,497.3 1 0
github.com/AlekseyZapadovnikov/pr-manager/tests/load/main.go:499.2,502.58 2 0
github.com/AlekseyZapadovnikov/pr-manager/tests/load/main.go:502.58,504.3 1 0
github.com/AlekseyZapadovnikov/pr-manager/tests/load/main.go:505.2,507.26 3 0
github.com/AlekseyZapadovnikov/pr-manager/tests/load/main.go:507.26,509.3 1 0
github.com/AlekseyZapadovnikov/pr-manager/tests/load/main.go:510.2,510.37 1 0
github.com/AlekseyZapadovnikov/pr-manager/tests/load/main.go:513.88,515.16 2 0
github.com/AlekseyZapadovnikov/pr-manager/tests/load/main.go:515.16,517.3 1 0
github.com/AlekseyZapadovnikov/pr-manager/tests/load/main.go:518.2,520.109 2 0
github.com/AlekseyZapadovnikov/pr-manager/tests/load/main.go:520.109,522.3 1 0
github.com/AlekseyZapadovnikov/pr-manager/tests/load/main.go:524.2,524.38 1 0
github.com/AlekseyZapadovnikov/pr-manager/tests/load/main.go:524.38,525.113 1 0
github.com/AlekseyZapadovnikov/pr-manager/tests/load/main.go:525.113,527.4 1 0
github.com/AlekseyZapadovnikov/pr-manager/tests/load/main.go:528.3,528.41 1 0
github.com/AlekseyZapadovnikov/pr-manager/tests/load/main.go:528.41,532.36 1 0
github.com/AlekseyZapadovnikov/pr-manager/tests/load/main.go:532.36,534.5 1 0
github.com/AlekseyZapadovnikov/pr-manager/tests/load/main.go:538.2,538.23 1 0
github.com/AlekseyZapadovnikov/pr-manager/tests/load/main.go:541.116,543.16 2 0
github.com/AlekseyZapadovnikov/pr-manager/tests/load/main.go:543.16,545.3 1 0
github.com/AlekseyZapadovnikov/pr-manager/tests/load/main.go:546.2,547.16 2 0
github.com/AlekseyZapadovnikov/pr-manager/tests/load/main.go:547.16,549.3 1 0
github.com/AlekseyZapadovnikov/pr-manager/tests/load/main.go:550.2,552.16 3 0
github.com/AlekseyZapadovnikov/pr-manager/tests/load/main.go:552.16,554.3 1 0
github.com/AlekseyZapadovnikov/pr-manager/tests/load/main.go:555.2,556.39 2 0
github.com/AlekseyZapadovnikov/pr-manager/tests/load/main.go:556.39,559.3 2 0
github.com/AlekseyZapadovnikov/pr-manager/tests/load/main.go:560.2,560.12 1 0
github.com/AlekseyZapadovnikov/pr-manager/tests/load/main.go:563.40,571.29 6 0
github.com/AlekseyZapadovnikov/pr-manager/tests/load/main.go:571.29,573.38 2 0
github.com/AlekseyZapadovnikov/pr-manager/tests/load/main.go:573.38,575.4 1 0
github.com/AlekseyZapadovnikov/pr-manager/tests/load/main.go:579.58,580.16 1 0
github.com/AlekseyZapadovnikov/pr-manager/tests/load/main.go:580.16,582.3 1 0
github.com/AlekseyZapadovnikov/pr-manager/tests/load/main.go:583.2,583.63 1 0
github.com/AlekseyZapadovnikov/pr-manager/tests/load/main.go:583.63,585.3 1 0
github.com/AlekseyZapadovnikov/pr-manager/tests/load/main.go:586.2,587.16 2 0
github.com/AlekseyZapadovnikov/pr-manager/tests/load/main.go:587.16,589.3 1 0
github.com/AlekseyZapadovnikov/pr-manager/tests/load/main.go:590.2,590.40 1 0
github.com/AlekseyZapadovnikov/pr-manager/internal/web/errors.go:15.74,23.2 2 1
github.com/AlekseyZapadovnikov/pr-manager/internal/web/pr_handlers.go:15.73,17.59 2 1
github.com/AlekseyZapadovnikov/pr-manager/internal/web/pr_handlers.go:17.59,20.3 2 1
github.com/AlekseyZapadovnikov/pr-manager/internal/web/pr_handlers.go:21.2,21.74 1 1
github.com/AlekseyZapadovnikov/pr-manager/internal/web/pr_handlers.go:21.74,24.3 2 1
github.com/AlekseyZapadovnikov/pr-manager/internal/web/pr_handlers.go:26.2,28.16 3 1
github.com/AlekseyZapadovnikov/pr-manager/internal/web/pr_handlers.go:28.16,32.3 3 1
github.com/AlekseyZapadovnikov/pr-manager/internal/web/pr_handlers.go:34.2,34.50 1 1
github.com/AlekseyZapadovnikov/pr-manager/internal/web/pr_handlers.go:38.72,40.59 2 1
github.com/AlekseyZapadovnikov/pr-manager/internal/web/pr_handlers.go:40.59,43.3 2 1
github.com/AlekseyZapadovnikov/pr-manager/internal/web/pr_handlers.go:44.2,44.27 1 1
github.com/AlekseyZapadovnikov/pr-manager/internal/web/pr_handlers.go:44.27,47.3 2 1
github.com/AlekseyZapadovnikov/pr-manager/internal/web/pr_handlers.go:49.2,51.16 3 1
github.com/AlekseyZapadovnikov/pr-manager/internal/web/pr_handlers.go:51.16,55.3 3 1
github.com/AlekseyZapadovnikov/pr-manager/internal/web/pr_handlers.go:57.2,57.45 1 1
github.com/AlekseyZapadovnikov/pr-manager/internal/web/pr_handlers.go:66.75,68.59 2 1
github.com/AlekseyZapadovnikov/pr-manager/internal/web/pr_handlers.go:68.59,71.3 2 1
github.com/AlekseyZapadovnikov/pr-manager/internal/web/pr_handlers.go:72.2,73.35 2 1
github.com/AlekseyZapadovnikov/pr-manager/internal/web/pr_handlers.go:73.35,76.3 2 1
github.com/AlekseyZapadovnikov/pr-manager/internal/web/pr_handlers.go:78.2,80.16 3 1
github.com/AlekseyZapadovnikov/pr-manager/internal/web/pr_handlers.go:80.16,84.3 3 1
github.com/AlekseyZapadovnikov/pr-manager/internal/web/pr_handlers.go:86.2,89.4 1 1
github.com/AlekseyZapadovnikov/pr-manager/internal/web/server.go:30.86,47.2 6 1
github.com/AlekseyZapadovnikov/pr-manager/internal/web/server.go:50.32,53.2 2 0
github.com/AlekseyZapadovnikov/pr-manager/internal/web/server.go:56.32,62.21 4 1
github.com/AlekseyZapadovnikov/pr-manager/internal/web/server.go:62.21,64.3 1 1
github.com/AlekseyZapadovnikov/pr-manager/internal/web/server.go:65.2,68.65 2 1
github.com/AlekseyZapadovnikov/pr-manager/internal/web/server.go:68.65,70.3 1 0
github.com/AlekseyZapadovnikov/pr-manager/internal/web/server.go:73.2,73.71 1 1
github.com/AlekseyZapadovnikov/pr-manager/internal/web/server.go:73.71,75.3 1 1
github.com/AlekseyZapadovnikov/pr-manager/internal/web/server.go:78.2,92.61 9 1
github.com/AlekseyZapadovnikov/pr-manager/internal/web/server.go:96.54,100.2 3 0
github.com/AlekseyZapadovnikov/pr-manager/internal/web/server.go:105.66,111.2 5 1
github.com/AlekseyZapadovnikov/pr-manager/internal/web/server.go:114.63,115.16 1 1
github.com/AlekseyZapadovnikov/pr-manager/internal/web/server.go:115.16,117.3 1 1
github.com/AlekseyZapadovnikov/pr-manager/internal/web/server.go:119.2,119.9 1 1
github.com/AlekseyZapadovnikov/pr-manager/internal/web/server.go:120.44,121.59 1 1
github.com/AlekseyZapadovnikov/pr-manager/internal/web/server.go:122.42,123.55 1 1
github.com/AlekseyZapadovnikov/pr-manager/internal/web/server.go:124.42,125.55 1 1
github.com/AlekseyZapadovnikov/pr-manager/internal/web/server.go:126.45,127.58 1 1
github.com/AlekseyZapadovnikov/pr-manager/internal/web/server.go:128.45,129.58 1 1
github.com/AlekseyZapadovnikov/pr-manager/internal/web/server.go:130.42,131.55 1 1
github.com/AlekseyZapadovnikov/pr-manager/internal/web/server.go:132.46,133.62 1 1
github.com/AlekseyZapadovnikov/pr-manager/internal/web/server.go:134.10,136.71 2 1
github.com/AlekseyZapadovnikov/pr-manager/internal/web/stats_handlers.go:10.80,13.16 3 1
github.com/AlekseyZapadovnikov/pr-manager/internal/web/stats_handlers.go:13.16,17.3 3 1
github.com/AlekseyZapadovnikov/pr-manager/internal/web/stats_handlers.go:19.2,19.18 1 1
github.com/AlekseyZapadovnikov/pr-manager/internal/web/stats_handlers.go:19.18,21.3 1 0
github.com/AlekseyZapadovnikov/pr-manager/internal/web/stats_handlers.go:23.2,23.36 1 1
github.com/AlekseyZapadovnikov/pr-manager/internal/web/team_handlers.go:21.72,24.62 3 1
github.com/AlekseyZapadovnikov/pr-manager/internal/web/team_handlers.go:24.62,27.3 2 1
github.com/AlekseyZapadovnikov/pr-manager/internal/web/team_handlers.go:29.2,31.16 3 1
github.com/AlekseyZapadovnikov/pr-manager/internal/web/team_handlers.go:31.16,35.3 3 1
github.com/AlekseyZapadovnikov/pr-manager/internal/web/team_handlers.go:37.2,38.40 2 1
github.com/AlekseyZapadovnikov/pr-manager/internal/web/team_handlers.go:42.72,44.20 2 1
github.com/AlekseyZapadovnikov/pr-manager/internal/web/team_handlers.go:44.20,47.3 2 1
github.com/AlekseyZapadovnikov/pr-manager/internal/web/team_handlers.go:49.2,51.16 3 1
github.com/AlekseyZapadovnikov/pr-manager/internal/web/team_handlers.go:51.16,55.3 3 1
github.com/AlekseyZapadovnikov/pr-manager/internal/web/team_handlers.go:56.2,56.35 1 1
github.com/AlekseyZapadovnikov/pr-manager/internal/web/team_handlers.go:60.79,62.61 2 1
github.com/AlekseyZapadovnikov/pr-manager/internal/web/team_handlers.go:62.61,65.3 2 1
github.com/AlekseyZapadovnikov/pr-manager/internal/web/team_handlers.go:67.2,68.24 2 1
github.com/AlekseyZapadovnikov/pr-manager/internal/web/team_handlers.go:68.24,71.3 2 1
github.com/AlekseyZapadovnikov/pr-manager/internal/web/team_handlers.go:73.2,74.34 2 1
github.com/AlekseyZapadovnikov/pr-manager/internal/web/team_handlers.go:74.34,76.15 2 1
github.com/AlekseyZapadovnikov/pr-manager/internal/web/team_handlers.go:76.15,78.4 1 1
github.com/AlekseyZapadovnikov/pr-manager/internal/web/team_handlers.go:80.2,80.24 1 1
github.com/AlekseyZapadovnikov/pr-manager/internal/web/team_handlers.go:80.24,83.3 2 1
github.com/AlekseyZapadovnikov/pr-manager/internal/web/team_handlers.go:85.2,87.16 3 1
github.com/AlekseyZapadovnikov/pr-manager/internal/web/team_handlers.go:87.16,91.3 3 1
github.com/AlekseyZapadovnikov/pr-manager/internal/web/team_handlers.go:93.2,93.69 1 1
github.com/AlekseyZapadovnikov/pr-manager/internal/web/user_handlers.go:15.80,17.59 2 1
github.com/AlekseyZapadovnikov/pr-manager/internal/web/user_handlers.go:17.59,20.3 2 1
github.com/AlekseyZapadovnikov/pr-manager/internal/web/user_handlers.go:21.2,21.20 1 1
github.com/AlekseyZapadovnikov/pr-manager/internal/web/user_handlers.go:21.20,24.3 2 1
github.com/AlekseyZapadovnikov/pr-manager/internal/web/user_handlers.go:26.2,27.16 2 1
github.com/AlekseyZapadovnikov/pr-manager/internal/web/user_handlers.go:27.16,31.3 3 1
github.com/AlekseyZapadovnikov/pr-manager/internal/web/user_handlers.go:33.2,33.54 1 1
github.com/AlekseyZapadovnikov/pr-manager/internal/web/user_handlers.go:37.79,39.18 2 1
github.com/AlekseyZapadovnikov/pr-manager/internal/web/user_handlers.go:39.18,42.3 2 1
github.com/AlekseyZapadovnikov/pr-manager/internal/web/user_handlers.go:44.2,46.16 3 1
github.com/AlekseyZapadovnikov/pr-manager/internal/web/user_handlers.go:46.16,50.3 3 1
github.com/AlekseyZapadovnikov/pr-manager/internal/web/user_handlers.go:52.2,55.4 1 1
github.com/AlekseyZapadovnikov/pr-manager/internal/service/pr_service.go:38.120,43.2 1 0
github.com/AlekseyZapadovnikov/pr-manager/internal/service/pr_service.go:46.146,49.16 3 1
github.com/AlekseyZapadovnikov/pr-manager/internal/service/pr_service.go:49.16,51.3 1 1
github.com/AlekseyZapadovnikov/pr-manager/internal/service/pr_service.go:53.2,57.58 4 1
github.com/AlekseyZapadovnikov/pr-manager/internal/service/pr_service.go:57.58,59.3 1 1
github.com/AlekseyZapadovnikov/pr-manager/internal/service/pr_service.go:60.2,60.16 1 1
github.com/AlekseyZapadovnikov/pr-manager/internal/service/pr_service.go:64.133,67.16 2 1
github.com/AlekseyZapadovnikov/pr-manager/internal/service/pr_service.go:67.16,68.41 1 1
github.com/AlekseyZapadovnikov/pr-manager/internal/service/pr_service.go:68.41,70.4 1 1
github.com/AlekseyZapadovnikov/pr-manager/internal/service/pr_service.go:71.3,71.64 1 0
github.com/AlekseyZapadovnikov/pr-manager/internal/service/pr_service.go:75.2,75.49 1 1
github.com/AlekseyZapadovnikov/pr-manager/internal/service/pr_service.go:75.49,77.3 1 1
github.com/AlekseyZapadovnikov/pr-manager/internal/service/pr_service.go:80.2,85.58 4 1
github.com/AlekseyZapadovnikov/pr-manager/internal/service/pr_service.go:85.58,87.3 1 0
github.com/AlekseyZapadovnikov/pr-manager/internal/service/pr_service.go:90.2,90.35 1 1
github.com/AlekseyZapadovnikov/pr-manager/internal/service/pr_service.go:90.35,92.3 1 1
github.com/AlekseyZapadovnikov/pr-manager/internal/service/pr_service.go:94.2,94.16 1 1
github.com/AlekseyZapadovnikov/pr-manager/internal/service/pr_service.go:98.120,106.16 3 1
github.com/AlekseyZapadovnikov/pr-manager/internal/service/pr_service.go:106.16,107.41 1 0
github.com/AlekseyZapadovnikov/pr-manager/internal/service/pr_service.go:107.41,109.4 1 0
github.com/AlekseyZapadovnikov/pr-manager/internal/service/pr_service.go:110.3,110.64 1 0
github.com/AlekseyZapadovnikov/pr-manager/internal/service/pr_service.go:114.2,114.49 1 1
github.com/AlekseyZapadovnikov/pr-manager/internal/service/pr_service.go:114.49,116.3 1 1
github.com/AlekseyZapadovnikov/pr-manager/internal/service/pr_service.go:119.2,120.50 2 1
github.com/AlekseyZapadovnikov/pr-manager/internal/service/pr_service.go:120.50,121.38 1 1
github.com/AlekseyZapadovnikov/pr-manager/internal/service/pr_service.go:121.38,123.9 2 1
github.com/AlekseyZapadovnikov/pr-manager/internal/service/pr_service.go:126.2,126.17 1 1
github.com/AlekseyZapadovnikov/pr-manager/internal/service/pr_service.go:126.17,128.3 1 1
github.com/AlekseyZapadovnikov/pr-manager/internal/service/pr_service.go:131.2,132.16 2 1
github.com/AlekseyZapadovnikov/pr-manager/internal/service/pr_service.go:132.16,134.3 1 0
github.com/AlekseyZapadovnikov/pr-manager/internal/service/pr_service.go:138.2,143.16 5 1
github.com/AlekseyZapadovnikov/pr-manager/internal/service/pr_service.go:143.16,144.44 1 1
github.com/AlekseyZapadovnikov/pr-manager/internal/service/pr_service.go:144.44,146.4 1 1
github.com/AlekseyZapadovnikov/pr-manager/internal/service/pr_service.go:147.3,147.73 1 0
github.com/AlekseyZapadovnikov/pr-manager/internal/service/pr_service.go:151.2,152.50 2 1
github.com/AlekseyZapadovnikov/pr-manager/internal/service/pr_service.go:152.50,153.38 1 1
github.com/AlekseyZapadovnikov/pr-manager/internal/service/pr_service.go:153.38,155.4 1 1
github.com/AlekseyZapadovnikov/pr-manager/internal/service/pr_service.go:157.2,162.58 3 1
github.com/AlekseyZapadovnikov/pr-manager/internal/service/pr_service.go:162.58,164.3 1 0
github.com/AlekseyZapadovnikov/pr-manager/internal/service/pr_service.go:167.2,176.22 4 1
github.com/AlekseyZapadovnikov/pr-manager/internal/service/pr_service.go:180.156,182.20 2 1
github.com/AlekseyZapadovnikov/pr-manager/internal/service/pr_service.go:182.20,184.3 1 0
github.com/AlekseyZapadovnikov/pr-manager/internal/service/pr_service.go:185.2,185.23 1 1
github.com/AlekseyZapadovnikov/pr-manager/internal/service/pr_service.go:185.23,187.3 1 0
github.com/AlekseyZapadovnikov/pr-manager/internal/service/pr_service.go:189.2,190.16 2 1
github.com/AlekseyZapadovnikov/pr-manager/internal/service/pr_service.go:190.16,192.3 1 0
github.com/AlekseyZapadovnikov/pr-manager/internal/service/pr_service.go:194.2,195.16 2 1
github.com/AlekseyZapadovnikov/pr-manager/internal/service/pr_service.go:195.16,197.3 1 0
github.com/AlekseyZapadovnikov/pr-manager/internal/service/pr_service.go:199.2,199.66 1 1
github.com/AlekseyZapadovnikov/pr-manager/internal/service/pr_service.go:199.66,201.3 1 1
github.com/AlekseyZapadovnikov/pr-manager/internal/service/pr_service.go:203.2,207.16 4 1
github.com/AlekseyZapadovnikov/pr-manager/internal/service/pr_service.go:207.16,209.3 1 1
github.com/AlekseyZapadovnikov/pr-manager/internal/service/pr_service.go:211.2,213.90 2 1
github.com/AlekseyZapadovnikov/pr-manager/internal/service/pr_service.go:213.90,215.3 1 0
github.com/AlekseyZapadovnikov/pr-manager/internal/service/pr_service.go:217.2,217.32 1 1
github.com/AlekseyZapadovnikov/pr-manager/internal/service/pr_service.go:217.32,219.3 1 1
github.com/AlekseyZapadovnikov/pr-manager/internal/service/pr_service.go:221.2,226.20 2 1
github.com/AlekseyZapadovnikov/pr-manager/internal/service/pr_service.go:230.86,233.30 3 1
github.com/AlekseyZapadovnikov/pr-manager/internal/service/pr_service.go:233.30,235.15 2 1
github.com/AlekseyZapadovnikov/pr-manager/internal/service/pr_service.go:235.15,236.12 1 0
github.com/AlekseyZapadovnikov/pr-manager/internal/service/pr_service.go:238.3,238.41 1 1
github.com/AlekseyZapadovnikov/pr-manager/internal/service/pr_service.go:238.41,239.12 1 0
github.com/AlekseyZapadovnikov/pr-manager/internal/service/pr_service.go:241.3,242.32 2 1
github.com/AlekseyZapadovnikov/pr-manager/internal/service/pr_service.go:244.2,244.23 1 1
github.com/AlekseyZapadovnikov/pr-manager/internal/service/pr_service.go:244.23,246.3 1 0
github.com/AlekseyZapadovnikov/pr-manager/internal/service/pr_service.go:247.2,247.32 1 1
github.com/AlekseyZapadovnikov/pr-manager/internal/service/pr_service.go:251.79,253.33 2 1
github.com/AlekseyZapadovnikov/pr-manager/internal/service/pr_service.go:253.33,255.3 1 1
github.com/AlekseyZapadovnikov/pr-manager/internal/service/pr_service.go:256.2,256.29 1 1
github.com/AlekseyZapadovnikov/pr-manager/internal/service/pr_service.go:256.29,257.34 1 1
github.com/AlekseyZapadovnikov/pr-manager/internal/service/pr_service.go:257.34,259.4 1 1
github.com/AlekseyZapadovnikov/pr-manager/internal/service/pr_service.go:261.2,261.12 1 1
github.com/AlekseyZapadovnikov/pr-manager/internal/service/pr_service.go:265.104,267.33 2 1
github.com/AlekseyZapadovnikov/pr-manager/internal/service/pr_service.go:267.33,268.56 1 1
github.com/AlekseyZapadovnikov/pr-manager/internal/service/pr_service.go:268.56,269.12 1 1
github.com/AlekseyZapadovnikov/pr-manager/internal/service/pr_service.go:271.3,271.22 1 1
github.com/AlekseyZapadovnikov/pr-manager/internal/service/pr_service.go:271.22,273.4 1 1
github.com/AlekseyZapadovnikov/pr-manager/internal/service/pr_service.go:275.2,275.21 1 1
github.com/AlekseyZapadovnikov/pr-manager/internal/service/pr_service.go:284.73,286.16 2 1
github.com/AlekseyZapadovnikov/pr-manager/internal/service/pr_service.go:286.16,288.3 1 0
github.com/AlekseyZapadovnikov/pr-manager/internal/service/pr_service.go:290.2,296.29 2 1
github.com/AlekseyZapadovnikov/pr-manager/internal/service/pr_service.go:296.29,298.49 2 1
github.com/AlekseyZapadovnikov/pr-manager/internal/service/pr_service.go:298.49,300.4 1 1
github.com/AlekseyZapadovnikov/pr-manager/internal/service/pr_service.go:302.3,303.49 2 1
github.com/AlekseyZapadovnikov/pr-manager/internal/service/pr_service.go:303.49,304.53 1 1
github.com/AlekseyZapadovnikov/pr-manager/internal/service/pr_service.go:304.53,305.13 1 1
github.com/AlekseyZapadovnikov/pr-manager/internal/service/pr_service.go:307.4,308.11 2 1
github.com/AlekseyZapadovnikov/pr-manager/internal/service/pr_service.go:308.11,310.5 1 1
github.com/AlekseyZapadovnikov/pr-manager/internal/service/pr_service.go:311.4,321.6 4 1
github.com/AlekseyZapadovnikov/pr-manager/internal/service/pr_service.go:324.3,324.33 1 1
github.com/AlekseyZapadovnikov/pr-manager/internal/service/pr_service.go:324.33,329.4 1 1
github.com/AlekseyZapadovnikov/pr-manager/internal/service/pr_service.go:332.2,332.50 1 1
github.com/AlekseyZapadovnikov/pr-manager/internal/service/pr_service.go:336.119,339.16 2 1
github.com/AlekseyZapadovnikov/pr-manager/internal/service/pr_service.go:339.16,341.3 1 0
github.com/AlekseyZapadovnikov/pr-manager/internal/service/pr_service.go:344.2,345.25 2 1
github.com/AlekseyZapadovnikov/pr-manager/internal/service/pr_service.go:345.25,353.3 2 1
github.com/AlekseyZapadovnikov/pr-manager/internal/service/pr_service.go:355.2,355.20 1 1
github.com/AlekseyZapadovnikov/pr-manager/internal/service/pr_service.go:359.102,361.16 2 1
github.com/AlekseyZapadovnikov/pr-manager/internal/service/pr_service.go:361.16,363.3 1 1
github.com/AlekseyZapadovnikov/pr-manager/internal/service/pr_service.go:364.2,364.19 1 1
github.com/AlekseyZapadovnikov/pr-manager/internal/service/pr_service.go:368.90,377.2 2 1
github.com/AlekseyZapadovnikov/pr-manager/internal/service/pr_service.go:385.50,388.25 3 1
github.com/AlekseyZapadovnikov/pr-manager/internal/service/pr_service.go:388.25,389.15 1 1
github.com/AlekseyZapadovnikov/pr-manager/internal/service/pr_service.go:389.15,390.12 1 0
github.com/AlekseyZapadovnikov/pr-manager/internal/service/pr_service.go:392.3,392.41 1 1
github.com/AlekseyZapadovnikov/pr-manager/internal/service/pr_service.go:392.41,393.12 1 0
github.com/AlekseyZapadovnikov/pr-manager/internal/service/pr_service.go:395.3,396.28 2 1
github.com/AlekseyZapadovnikov/pr-manager/internal/service/pr_service.go:398.2,401.3 1 1
github.com/AlekseyZapadovnikov/pr-manager/internal/service/pr_service.go:405.73,406.39 1 1
github.com/AlekseyZapadovnikov/pr-manager/internal/service/pr_service.go:406.39,408.3 1 1
github.com/AlekseyZapadovnikov/pr-manager/internal/service/pr_service.go:409.2,410.19 2 1
github.com/AlekseyZapadovnikov/pr-manager/internal/service/pr_service.go:410.19,412.24 2 1
github.com/AlekseyZapadovnikov/pr-manager/internal/service/pr_service.go:412.24,413.9 1 0
github.com/AlekseyZapadovnikov/pr-manager/internal/service/pr_service.go:415.3,417.43 3 1
github.com/AlekseyZapadovnikov/pr-manager/internal/service/pr_service.go:417.43,418.12 1 0
github.com/AlekseyZapadovnikov/pr-manager/internal/service/pr_service.go:420.3,420.21 1 1
github.com/AlekseyZapadovnikov/pr-manager/internal/service/pr_service.go:420.21,421.51 1 1
github.com/AlekseyZapadovnikov/pr-manager/internal/service/pr_service.go:421.51,423.13 2 0
github.com/AlekseyZapadovnikov/pr-manager/internal/service/pr_service.go:426.3,427.25 2 1
github.com/AlekseyZapadovnikov/pr-manager/internal/service/pr_service.go:429.2,429.18 1 0
github.com/AlekseyZapadovnikov/pr-manager/internal/service/user_service.go:39.59,45.2 1 1
github.com/AlekseyZapadovnikov/pr-manager/internal/service/user_service.go:48.81,49.20 1 1
github.com/AlekseyZapadovnikov/pr-manager/internal/service/user_service.go:49.20,51.3 1 1
github.com/AlekseyZapadovnikov/pr-manager/internal/service/user_service.go:53.2,54.16 2 1
github.com/AlekseyZapadovnikov/pr-manager/internal/service/user_service.go:54.16,56.3 1 1
github.com/AlekseyZapadovnikov/pr-manager/internal/service/user_service.go:58.2,61.12 4 1
github.com/AlekseyZapadovnikov/pr-manager/internal/service/user_service.go:65.62,70.32 5 1
github.com/AlekseyZapadovnikov/pr-manager/internal/service/user_service.go:70.32,71.47 1 1
github.com/AlekseyZapadovnikov/pr-manager/internal/service/user_service.go:71.47,74.4 2 1
github.com/AlekseyZapadovnikov/pr-manager/internal/service/user_service.go:75.3,75.19 1 1
github.com/AlekseyZapadovnikov/pr-manager/internal/service/user_service.go:75.19,76.9 1 1
github.com/AlekseyZapadovnikov/pr-manager/internal/service/user_service.go:79.2,79.12 1 1
github.com/AlekseyZapadovnikov/pr-manager/internal/service/user_service.go:83.72,86.28 3 1
github.com/AlekseyZapadovnikov/pr-manager/internal/service/user_service.go:86.28,87.43 1 1
github.com/AlekseyZapadovnikov/pr-manager/internal/service/user_service.go:87.43,89.4 1 1
github.com/AlekseyZapadovnikov/pr-manager/internal/service/user_service.go:92.2,92.12 1 1
github.com/AlekseyZapadovnikov/pr-manager/internal/service/user_service.go:96.77,99.33 2 1
github.com/AlekseyZapadovnikov/pr-manager/internal/service/user_service.go:99.33,100.21 1 1
github.com/AlekseyZapadovnikov/pr-manager/internal/service/user_service.go:100.21,102.4 1 0
github.com/AlekseyZapadovnikov/pr-manager/internal/service/user_service.go:103.3,103.24 1 1
github.com/AlekseyZapadovnikov/pr-manager/internal/service/user_service.go:103.24,105.4 1 1
github.com/AlekseyZapadovnikov/pr-manager/internal/service/user_service.go:106.3,106.27 1 1
github.com/AlekseyZapadovnikov/pr-manager/internal/service/user_service.go:110.2,111.33 2 1
github.com/AlekseyZapadovnikov/pr-manager/internal/service/user_service.go:111.33,114.3 2 1
github.com/AlekseyZapadovnikov/pr-manager/internal/service/user_service.go:117.2,117.20 1 1
github.com/AlekseyZapadovnikov/pr-manager/internal/service/user_service.go:117.20,118.74 1 1
github.com/AlekseyZapadovnikov/pr-manager/internal/service/user_service.go:118.74,120.4 1 0
github.com/AlekseyZapadovnikov/pr-manager/internal/service/user_service.go:121.8,124.3 1 0
github.com/AlekseyZapadovnikov/pr-manager/internal/service/user_service.go:127.2,131.29 4 1
github.com/AlekseyZapadovnikov/pr-manager/internal/service/user_service.go:131.29,135.3 3 1
github.com/AlekseyZapadovnikov/pr-manager/internal/service/user_service.go:136.2,138.12 2 1
github.com/AlekseyZapadovnikov/pr-manager/internal/service/user_service.go:142.92,144.20 1 1
github.com/AlekseyZapadovnikov/pr-manager/internal/service/user_service.go:144.20,146.17 2 1
github.com/AlekseyZapadovnikov/pr-manager/internal/service/user_service.go:146.17,147.43 1 1
github.com/AlekseyZapadovnikov/pr-manager/internal/service/user_service.go:147.43,150.5 1 0
github.com/AlekseyZapadovnikov/pr-manager/internal/service/user_service.go:152.9,155.4 1 1
github.com/AlekseyZapadovnikov/pr-manager/internal/service/user_service.go:159.2,164.32 4 1
github.com/AlekseyZapadovnikov/pr-manager/internal/service/user_service.go:164.32,165.32 1 1
github.com/AlekseyZapadovnikov/pr-manager/internal/service/user_service.go:165.32,168.4 2 1
github.com/AlekseyZapadovnikov/pr-manager/internal/service/user_service.go:171.2,171.23 1 1
github.com/AlekseyZapadovnikov/pr-manager/internal/service/user_service.go:171.23,174.3 1 1
github.com/AlekseyZapadovnikov/pr-manager/internal/service/user_service.go:176.2,183.18 3 1
github.com/AlekseyZapadovnikov/pr-manager/internal/service/user_service.go:187.67,191.12 4 1
github.com/AlekseyZapadovnikov/pr-manager/internal/service/user_service.go:191.12,193.3 1 1
github.com/AlekseyZapadovnikov/pr-manager/internal/service/user_service.go:195.2,195.20 1 1
github.com/AlekseyZapadovnikov/pr-manager/internal/service/user_service.go:195.20,197.3 1 1
github.com/AlekseyZapadovnikov/pr-manager/internal/service/user_service.go:199.2,201.16 3 1
github.com/AlekseyZapadovnikov/pr-manager/internal/service/user_service.go:201.16,202.41 1 1
github.com/AlekseyZapadovnikov/pr-manager/internal/service/user_service.go:202.41,204.4 1 1
github.com/AlekseyZapadovnikov/pr-manager/internal/service/user_service.go:205.3,205.71 1 0
github.com/AlekseyZapadovnikov/pr-manager/internal/service/user_service.go:208.2,212.27 4 1
github.com/AlekseyZapadovnikov/pr-manager/internal/service/user_service.go:216.106,222.36 4 1
github.com/AlekseyZapadovnikov/pr-manager/internal/service/user_service.go:222.36,224.3 1 1
github.com/AlekseyZapadovnikov/pr-manager/internal/service/user_service.go:227.2,227.32 1 1
github.com/AlekseyZapadovnikov/pr-manager/internal/service/user_service.go:227.32,230.29 1 1
github.com/AlekseyZapadovnikov/pr-manager/internal/service/user_service.go:230.29,232.4 1 1
github.com/AlekseyZapadovnikov/pr-manager/internal/service/user_service.go:235.2,235.34 1 1
github.com/AlekseyZapadovnikov/pr-manager/internal/service/user_service.go:239.92,244.13 4 1
github.com/AlekseyZapadovnikov/pr-manager/internal/service/user_service.go:244.13,246.3 1 0
github.com/AlekseyZapadovnikov/pr-manager/internal/service/user_service.go:249.2,253.20 3 1
github.com/AlekseyZapadovnikov/pr-manager/internal/service/user_service.go:253.20,255.53 2 1
github.com/AlekseyZapadovnikov/pr-manager/internal/service/user_service.go:255.53,259.4 2 1
github.com/AlekseyZapadovnikov/pr-manager/internal/service/user_service.go:262.2,262.18 1 1
github.com/AlekseyZapadovnikov/pr-manager/internal/service/user_service.go:266.75,267.23 1 0
github.com/AlekseyZapadovnikov/pr-manager/internal/service/user_service.go:267.23,269.3 1 0
github.com/AlekseyZapadovnikov/pr-manager/internal/service/user_service.go:271.2,273.29 3 0
github.com/AlekseyZapadovnikov/pr-manager/internal/service/user_service.go:273.29,274.35 1 0
github.com/AlekseyZapadovnikov/pr-manager/internal/service/user_service.go:274.35,276.4 1 0
